RUN	com.qanova2.RecordedSimulation1	recordedsimulation1	1554827485364	 	3.0.3
USER	RecordedSimulation1	1	START	1554827488409	1554827488409
REQUEST	1		request_0	1554827488461	1554827488901	OK	 
REQUEST	1		reset.css?13-1-8-23	1554827489124	1554827489188	OK	 
REQUEST	1		print.css?13-1-8-23	1554827489125	1554827489226	OK	 
REQUEST	1		custom.css	1554827489218	1554827489230	OK	 
REQUEST	1		template.css?13-1-8-23	1554827489127	1554827489234	OK	 
REQUEST	1		style.css?13-1-8-23	1554827489126	1554827489239	OK	 
REQUEST	1		menu.css?13-1-8-23	1554827489128	1554827489243	OK	 
REQUEST	1		custom.css	1554827489128	1554827489251	OK	 
REQUEST	1		x5engine.js?13-1-8-23	1554827489237	1554827489259	OK	 
REQUEST	1		main.js	1554827489250	1554827489268	OK	 
REQUEST	1		jquery.js?13-1-8-23	1554827489233	1554827489274	OK	 
REQUEST	1		index.css?13-1-8-23-636555116381078681	1554827489229	1554827489282	OK	 
REQUEST	1		main.js	1554827489242	1554827489289	OK	 
REQUEST	1		White_facebook-1-.png	1554827489269	1554827489290	OK	 
REQUEST	1		header_brand_es.38682.jpg	1554827489257	1554827489291	OK	 
REQUEST	1		White_twitter.png	1554827489275	1554827489292	OK	 
REQUEST	1		pixabay-bb4b32c99a2f44435e.png	1554827489262	1554827489293	OK	 
REQUEST	1		youtube-1-.png	1554827489288	1554827489302	OK	 
REQUEST	1		request_3	1554827521332	1554827521759	OK	 
REQUEST	1		request_4	1554827522783	1554827522856	OK	 
REQUEST	1		reset.css?13-1-8-23	1554827522892	1554827522946	OK	 
REQUEST	1		print.css?13-1-8-23	1554827522892	1554827522957	OK	 
REQUEST	1		style.css?13-1-8-23	1554827522893	1554827522962	OK	 
REQUEST	1		template.css?13-1-8-23	1554827522894	1554827522966	OK	 
REQUEST	1		carga-de-informacion.css?13-1-8-23-636555116375453681	1554827522947	1554827522969	OK	 
REQUEST	1		x5engine.js?13-1-8-23	1554827522964	1554827522976	OK	 
REQUEST	1		menu.css?13-1-8-23	1554827522895	1554827522977	OK	 
REQUEST	1		header_brand_es.38682.jpg	1554827522973	1554827522984	OK	 
REQUEST	1		main.js	1554827522967	1554827522986	OK	 
REQUEST	1		date.gif	1554827522978	1554827522988	OK	 
REQUEST	1		pixabay-bb4b32c99a2f44435e.png	1554827522977	1554827522993	OK	 
REQUEST	1		jquery.js?13-1-8-23	1554827522960	1554827522995	OK	 
REQUEST	1		White_facebook-1-.png	1554827522985	1554827522997	OK	 
REQUEST	1		youtube-1-.png	1554827522989	1554827523000	OK	 
REQUEST	1		White_twitter.png	1554827522987	1554827523005	OK	 
REQUEST	1		custom.css	1554827522895	1554827523539	OK	 
REQUEST	1		request_5	1554827525544	1554827525664	OK	 
REQUEST	1		request_5 Redirect 1	1554827525687	1554827525767	OK	 
REQUEST	1		print.css?13-1-8-23	1554827525797	1554827525808	OK	 
REQUEST	1		custom.css	1554827525800	1554827525812	OK	 
REQUEST	1		menu.css?13-1-8-23	1554827525799	1554827525812	OK	 
REQUEST	1		style.css?13-1-8-23	1554827525798	1554827525813	OK	 
REQUEST	1		reset.css?13-1-8-23	1554827525796	1554827525813	OK	 
REQUEST	1		template.css?13-1-8-23	1554827525799	1554827525814	OK	 
USER	RecordedSimulation1	1	END	1554827488409	1554827525818
