RUN	com.qanova2.RecordedSimulation1	recordedsimulation1	1554827906131	 	3.0.3
USER	RecordedSimulation1	1	START	1554827908319	1554827908319
REQUEST	1		request_0	1554827908435	1554827908939	OK	 
REQUEST	1		reset.css?13-1-8-23	1554827909462	1554827909563	OK	 
REQUEST	1		template.css?13-1-8-23	1554827909481	1554827909625	OK	 
REQUEST	1		custom.css	1554827909611	1554827909635	OK	 
REQUEST	1		print.css?13-1-8-23	1554827909463	1554827909639	OK	 
REQUEST	1		style.css?13-1-8-23	1554827909464	1554827909644	OK	 
REQUEST	1		custom.css	1554827909484	1554827909655	OK	 
REQUEST	1		x5engine.js?13-1-8-23	1554827909642	1554827909664	OK	 
REQUEST	1		main.js	1554827909650	1554827909670	OK	 
REQUEST	1		menu.css?13-1-8-23	1554827909482	1554827909673	OK	 
REQUEST	1		index.css?13-1-8-23-636555116381078681	1554827909634	1554827909683	OK	 
REQUEST	1		main.js	1554827909660	1554827909689	OK	 
REQUEST	1		jquery.js?13-1-8-23	1554827909638	1554827909695	OK	 
REQUEST	1		White_facebook-1-.png	1554827909679	1554827909702	OK	 
REQUEST	1		White_twitter.png	1554827909687	1554827909705	OK	 
REQUEST	1		youtube-1-.png	1554827909690	1554827909706	OK	 
REQUEST	1		pixabay-bb4b32c99a2f44435e.png	1554827909671	1554827909711	OK	 
REQUEST	1		header_brand_es.38682.jpg	1554827909667	1554827909714	OK	 
REQUEST	1		request_3	1554827941745	1554827942135	OK	 
REQUEST	1		request_4	1554827943134	1554827943532	OK	 
REQUEST	1		reset.css?13-1-8-23	1554827943563	1554827943614	OK	 
REQUEST	1		print.css?13-1-8-23	1554827943563	1554827943625	OK	 
REQUEST	1		template.css?13-1-8-23	1554827943565	1554827943631	OK	 
REQUEST	1		custom.css	1554827943566	1554827943641	OK	 
REQUEST	1		carga-de-informacion.css?13-1-8-23-636555116375453681	1554827943616	1554827943645	OK	 
REQUEST	1		style.css?13-1-8-23	1554827943564	1554827943652	OK	 
REQUEST	1		menu.css?13-1-8-23	1554827943565	1554827943657	OK	 
REQUEST	1		x5engine.js?13-1-8-23	1554827943636	1554827943660	OK	 
REQUEST	1		main.js	1554827943643	1554827943662	OK	 
REQUEST	1		header_brand_es.38682.jpg	1554827943649	1554827943665	OK	 
REQUEST	1		jquery.js?13-1-8-23	1554827943628	1554827943666	OK	 
REQUEST	1		date.gif	1554827943659	1554827943669	OK	 
REQUEST	1		pixabay-bb4b32c99a2f44435e.png	1554827943653	1554827943674	OK	 
REQUEST	1		White_facebook-1-.png	1554827943661	1554827943676	OK	 
REQUEST	1		youtube-1-.png	1554827943666	1554827943677	OK	 
REQUEST	1		White_twitter.png	1554827943664	1554827943678	OK	 
REQUEST	1		request_5	1554827945684	1554827946081	OK	 
REQUEST	1		request_5 Redirect 1	1554827946095	1554827946192	OK	 
REQUEST	1		reset.css?13-1-8-23	1554827946231	1554827946238	OK	 
REQUEST	1		style.css?13-1-8-23	1554827946232	1554827946242	OK	 
REQUEST	1		menu.css?13-1-8-23	1554827946234	1554827946242	OK	 
REQUEST	1		print.css?13-1-8-23	1554827946231	1554827946242	OK	 
REQUEST	1		custom.css	1554827946234	1554827946243	OK	 
REQUEST	1		template.css?13-1-8-23	1554827946233	1554827946243	OK	 
USER	RecordedSimulation1	1	END	1554827908319	1554827946250
