RUN	com.qanova2.RecordedSimulation1	recordedsimulation1	1554827739723	 	3.0.3
USER	RecordedSimulation1	1	START	1554827741811	1554827741811
REQUEST	1		request_0	1554827741881	1554827742325	OK	 
REQUEST	1		reset.css?13-1-8-23	1554827742549	1554827742604	OK	 
REQUEST	1		print.css?13-1-8-23	1554827742550	1554827742646	OK	 
REQUEST	1		custom.css	1554827742637	1554827742652	OK	 
REQUEST	1		style.css?13-1-8-23	1554827742551	1554827742655	OK	 
REQUEST	1		template.css?13-1-8-23	1554827742552	1554827742659	OK	 
REQUEST	1		custom.css	1554827742553	1554827742663	OK	 
REQUEST	1		index.css?13-1-8-23-636555116381078681	1554827742649	1554827742671	OK	 
REQUEST	1		menu.css?13-1-8-23	1554827742553	1554827742677	OK	 
REQUEST	1		main.js	1554827742666	1554827742685	OK	 
REQUEST	1		main.js	1554827742662	1554827742689	OK	 
REQUEST	1		x5engine.js?13-1-8-23	1554827742659	1554827742699	OK	 
REQUEST	1		jquery.js?13-1-8-23	1554827742654	1554827742701	OK	 
REQUEST	1		header_brand_es.38682.jpg	1554827742676	1554827742704	OK	 
REQUEST	1		pixabay-bb4b32c99a2f44435e.png	1554827742684	1554827742705	OK	 
REQUEST	1		White_facebook-1-.png	1554827742687	1554827742708	OK	 
REQUEST	1		White_twitter.png	1554827742690	1554827742710	OK	 
REQUEST	1		youtube-1-.png	1554827742700	1554827742713	OK	 
REQUEST	1		request_3	1554827774749	1554827774805	KO	status.find.in(200,201,202,203,204,205,206,207,208,209,304), found 500
REQUEST	1		request_4	1554827775820	1554827775943	OK	 
REQUEST	1		request_4 Redirect 1	1554827775963	1554827776063	OK	 
REQUEST	1		reset.css?13-1-8-23	1554827776107	1554827776162	OK	 
REQUEST	1		print.css?13-1-8-23	1554827776108	1554827776171	OK	 
REQUEST	1		style.css?13-1-8-23	1554827776109	1554827776174	OK	 
REQUEST	1		template.css?13-1-8-23	1554827776110	1554827776175	OK	 
REQUEST	1		custom.css	1554827776111	1554827776175	OK	 
REQUEST	1		imlogin.css?13-1-8-23-636555118006938056	1554827776163	1554827776176	OK	 
REQUEST	1		menu.css?13-1-8-23	1554827776111	1554827776180	OK	 
REQUEST	1		request_5	1554827778176	1554827778559	OK	 
REQUEST	1		request_5 Redirect 1	1554827778571	1554827778656	OK	 
REQUEST	1		template.css?13-1-8-23	1554827778686	1554827778693	OK	 
REQUEST	1		reset.css?13-1-8-23	1554827778684	1554827778696	OK	 
REQUEST	1		print.css?13-1-8-23	1554827778685	1554827778697	OK	 
REQUEST	1		custom.css	1554827778688	1554827778698	OK	 
REQUEST	1		style.css?13-1-8-23	1554827778685	1554827778699	OK	 
REQUEST	1		menu.css?13-1-8-23	1554827778686	1554827778700	OK	 
USER	RecordedSimulation1	1	END	1554827741811	1554827778706
